<?xml version="1.0" encoding="UTF-8"?>
<testng-results ignored="0" total="5" passed="5" failed="0" skipped="0">
  <reporter-output>
  </reporter-output>
  <suite started-at="2024-09-27T19:01:37 IST" name="OrangeHRM Automation Testing" finished-at="2024-09-27T19:02:42 IST" duration-ms="64746">
    <groups>
      <group name="cucumber">
        <method signature="AbstractTestNGCucumberTests.runScenario(io.cucumber.testng.PickleWrapper,io.cucumber.testng.FeatureWrapper)[pri:0, instance:TestRunner@3e08ff24]" name="runScenario" class="io.cucumber.testng.AbstractTestNGCucumberTests"/>
      </group> <!-- cucumber -->
    </groups>
    <test started-at="2024-09-27T19:01:37 IST" name="testngTest" finished-at="2024-09-27T19:02:42 IST" duration-ms="64746">
      <class name="TestRunner">
        <test-method is-config="true" signature="setUpClass(org.testng.ITestContext)[pri:0, instance:TestRunner@3e08ff24]" started-at="2024-09-27T19:01:37 IST" name="setUpClass" finished-at="2024-09-27T19:01:38 IST" duration-ms="244" status="PASS">
          <params>
            <param index="0">
              <value>
                <![CDATA[org.testng.TestRunner@4b7c4456]]>
              </value>
            </param>
          </params>
          <reporter-output>
          </reporter-output>
        </test-method> <!-- setUpClass -->
        <test-method signature="runScenario(io.cucumber.testng.PickleWrapper,io.cucumber.testng.FeatureWrapper)[pri:0, instance:TestRunner@3e08ff24]" started-at="2024-09-27T19:01:38 IST" name="runScenario" description="Runs Cucumber Scenarios" data-provider="scenarios" finished-at="2024-09-27T19:01:56 IST" duration-ms="17911" status="PASS">
          <params>
            <param index="0">
              <value>
                <![CDATA["Login to OrangeHRM portal successfully"]]>
              </value>
            </param>
            <param index="1">
              <value>
                <![CDATA["Check OrangeHRM home page functionality"]]>
              </value>
            </param>
          </params>
          <reporter-output>
          </reporter-output>
        </test-method> <!-- runScenario -->
        <test-method signature="runScenario(io.cucumber.testng.PickleWrapper,io.cucumber.testng.FeatureWrapper)[pri:0, instance:TestRunner@3e08ff24]" started-at="2024-09-27T19:01:56 IST" name="runScenario" description="Runs Cucumber Scenarios" data-provider="scenarios" finished-at="2024-09-27T19:02:09 IST" duration-ms="13719" status="PASS">
          <params>
            <param index="0">
              <value>
                <![CDATA["PIM user created successfully"]]>
              </value>
            </param>
            <param index="1">
              <value>
                <![CDATA["Check OrangeHRM home page functionality"]]>
              </value>
            </param>
          </params>
          <reporter-output>
          </reporter-output>
        </test-method> <!-- runScenario -->
        <test-method signature="runScenario(io.cucumber.testng.PickleWrapper,io.cucumber.testng.FeatureWrapper)[pri:0, instance:TestRunner@3e08ff24]" started-at="2024-09-27T19:02:09 IST" name="runScenario" description="Runs Cucumber Scenarios" data-provider="scenarios" finished-at="2024-09-27T19:02:23 IST" duration-ms="13725" status="PASS">
          <params>
            <param index="0">
              <value>
                <![CDATA["PIM user created successfully"]]>
              </value>
            </param>
            <param index="1">
              <value>
                <![CDATA["Check OrangeHRM home page functionality"]]>
              </value>
            </param>
          </params>
          <reporter-output>
          </reporter-output>
        </test-method> <!-- runScenario -->
        <test-method signature="runScenario(io.cucumber.testng.PickleWrapper,io.cucumber.testng.FeatureWrapper)[pri:0, instance:TestRunner@3e08ff24]" started-at="2024-09-27T19:02:23 IST" name="runScenario" description="Runs Cucumber Scenarios" data-provider="scenarios" finished-at="2024-09-27T19:02:33 IST" duration-ms="9574" status="PASS">
          <params>
            <param index="0">
              <value>
                <![CDATA["PIM user searched and deleted successfully"]]>
              </value>
            </param>
            <param index="1">
              <value>
                <![CDATA["Check OrangeHRM home page functionality"]]>
              </value>
            </param>
          </params>
          <reporter-output>
          </reporter-output>
        </test-method> <!-- runScenario -->
        <test-method signature="runScenario(io.cucumber.testng.PickleWrapper,io.cucumber.testng.FeatureWrapper)[pri:0, instance:TestRunner@3e08ff24]" started-at="2024-09-27T19:02:33 IST" name="runScenario" description="Runs Cucumber Scenarios" data-provider="scenarios" finished-at="2024-09-27T19:02:42 IST" duration-ms="9521" status="PASS">
          <params>
            <param index="0">
              <value>
                <![CDATA["PIM user searched and deleted successfully"]]>
              </value>
            </param>
            <param index="1">
              <value>
                <![CDATA["Check OrangeHRM home page functionality"]]>
              </value>
            </param>
          </params>
          <reporter-output>
          </reporter-output>
        </test-method> <!-- runScenario -->
        <test-method is-config="true" signature="tearDownClass()[pri:0, instance:TestRunner@3e08ff24]" started-at="2024-09-27T19:02:42 IST" name="tearDownClass" finished-at="2024-09-27T19:02:42 IST" duration-ms="1" status="PASS">
          <reporter-output>
          </reporter-output>
        </test-method> <!-- tearDownClass -->
      </class> <!-- TestRunner -->
    </test> <!-- testngTest -->
  </suite> <!-- OrangeHRM Automation Testing -->
</testng-results>
